  LoginForm.cpp
C:\Program Files (x86)\Windows Kits\10\Include\10.0.19041.0\um\servprov.h(91,81): error C3699: '*': cannot use this indirection on type 'IServiceProvider'
C:\Program Files (x86)\Windows Kits\10\Include\10.0.19041.0\um\servprov.h(91,81): message : compiler replacing '*' with '^' to continue parsing
C:\Program Files (x86)\Windows Kits\10\Include\10.0.19041.0\um\servprov.h(98,9): error C2371: 'IServiceProvider': redefinition; different basic types
C:\Program Files (x86)\Windows Kits\10\Include\10.0.19041.0\um\servprov.h(44): message : see declaration of 'IServiceProvider'
C:\Program Files (x86)\Windows Kits\10\Include\10.0.19041.0\um\servprov.h(115,47): error C3699: '*': cannot use this indirection on type 'IServiceProvider'
C:\Program Files (x86)\Windows Kits\10\Include\10.0.19041.0\um\servprov.h(115,47): message : compiler replacing '*' with '^' to continue parsing
C:\Program Files (x86)\Windows Kits\10\Include\10.0.19041.0\um\servprov.h(239,28): error C3699: '*': cannot use this indirection on type 'IServiceProvider'
C:\Program Files (x86)\Windows Kits\10\Include\10.0.19041.0\um\servprov.h(239,28): message : compiler replacing '*' with '^' to continue parsing
C:\Program Files (x86)\Windows Kits\10\Include\10.0.19041.0\um\servprov.h(249,38): error C3699: '*': cannot use this indirection on type 'IServiceProvider'
C:\Program Files (x86)\Windows Kits\10\Include\10.0.19041.0\um\servprov.h(249,38): message : compiler replacing '*' with '^' to continue parsing
C:\Program Files (x86)\Windows Kits\10\Include\10.0.19041.0\um\urlmon.h(6870,70): error C3699: '*': cannot use this indirection on type 'IServiceProvider'
C:\Program Files (x86)\Windows Kits\10\Include\10.0.19041.0\um\urlmon.h(6870,70): message : compiler replacing '*' with '^' to continue parsing
C:\Program Files (x86)\Windows Kits\10\Include\10.0.19041.0\um\urlmon.h(6872,66): error C3699: '*': cannot use this indirection on type 'IServiceProvider'
C:\Program Files (x86)\Windows Kits\10\Include\10.0.19041.0\um\urlmon.h(6872,66): message : compiler replacing '*' with '^' to continue parsing
E:\programowanie\cpp szkola\CppPUTS1\projekt\Notatnik2\LoginForm.h(186,26): warning C4677: 'con1': signature of non-private member contains assembly private type 'Connection'
E:\programowanie\cpp szkola\CppPUTS1\projekt\Notatnik2\Connection.h(11): message : see declaration of 'Connection'
  MainForm.cpp
C:\Program Files (x86)\Windows Kits\10\Include\10.0.19041.0\um\servprov.h(91,81): error C3699: '*': cannot use this indirection on type 'IServiceProvider'
C:\Program Files (x86)\Windows Kits\10\Include\10.0.19041.0\um\servprov.h(91,81): message : compiler replacing '*' with '^' to continue parsing
C:\Program Files (x86)\Windows Kits\10\Include\10.0.19041.0\um\servprov.h(98,9): error C2371: 'IServiceProvider': redefinition; different basic types
C:\Program Files (x86)\Windows Kits\10\Include\10.0.19041.0\um\servprov.h(44): message : see declaration of 'IServiceProvider'
C:\Program Files (x86)\Windows Kits\10\Include\10.0.19041.0\um\servprov.h(115,47): error C3699: '*': cannot use this indirection on type 'IServiceProvider'
C:\Program Files (x86)\Windows Kits\10\Include\10.0.19041.0\um\servprov.h(115,47): message : compiler replacing '*' with '^' to continue parsing
C:\Program Files (x86)\Windows Kits\10\Include\10.0.19041.0\um\servprov.h(239,28): error C3699: '*': cannot use this indirection on type 'IServiceProvider'
C:\Program Files (x86)\Windows Kits\10\Include\10.0.19041.0\um\servprov.h(239,28): message : compiler replacing '*' with '^' to continue parsing
C:\Program Files (x86)\Windows Kits\10\Include\10.0.19041.0\um\servprov.h(249,38): error C3699: '*': cannot use this indirection on type 'IServiceProvider'
C:\Program Files (x86)\Windows Kits\10\Include\10.0.19041.0\um\servprov.h(249,38): message : compiler replacing '*' with '^' to continue parsing
C:\Program Files (x86)\Windows Kits\10\Include\10.0.19041.0\um\urlmon.h(6870,70): error C3699: '*': cannot use this indirection on type 'IServiceProvider'
C:\Program Files (x86)\Windows Kits\10\Include\10.0.19041.0\um\urlmon.h(6870,70): message : compiler replacing '*' with '^' to continue parsing
C:\Program Files (x86)\Windows Kits\10\Include\10.0.19041.0\um\urlmon.h(6872,66): error C3699: '*': cannot use this indirection on type 'IServiceProvider'
C:\Program Files (x86)\Windows Kits\10\Include\10.0.19041.0\um\urlmon.h(6872,66): message : compiler replacing '*' with '^' to continue parsing
E:\programowanie\cpp szkola\CppPUTS1\projekt\Notatnik2\MainForm.h(19,11): warning C4677: 'MainForm': signature of non-private member contains assembly private type 'Connection'
E:\programowanie\cpp szkola\CppPUTS1\projekt\Notatnik2\Connection.h(11): message : see declaration of 'Connection'
  Program.cpp
C:\Program Files (x86)\Windows Kits\10\Include\10.0.19041.0\um\servprov.h(91,81): error C3699: '*': cannot use this indirection on type 'IServiceProvider'
C:\Program Files (x86)\Windows Kits\10\Include\10.0.19041.0\um\servprov.h(91,81): message : compiler replacing '*' with '^' to continue parsing
C:\Program Files (x86)\Windows Kits\10\Include\10.0.19041.0\um\servprov.h(98,9): error C2371: 'IServiceProvider': redefinition; different basic types
C:\Program Files (x86)\Windows Kits\10\Include\10.0.19041.0\um\servprov.h(44): message : see declaration of 'IServiceProvider'
C:\Program Files (x86)\Windows Kits\10\Include\10.0.19041.0\um\servprov.h(115,47): error C3699: '*': cannot use this indirection on type 'IServiceProvider'
C:\Program Files (x86)\Windows Kits\10\Include\10.0.19041.0\um\servprov.h(115,47): message : compiler replacing '*' with '^' to continue parsing
C:\Program Files (x86)\Windows Kits\10\Include\10.0.19041.0\um\servprov.h(239,28): error C3699: '*': cannot use this indirection on type 'IServiceProvider'
C:\Program Files (x86)\Windows Kits\10\Include\10.0.19041.0\um\servprov.h(239,28): message : compiler replacing '*' with '^' to continue parsing
C:\Program Files (x86)\Windows Kits\10\Include\10.0.19041.0\um\servprov.h(249,38): error C3699: '*': cannot use this indirection on type 'IServiceProvider'
C:\Program Files (x86)\Windows Kits\10\Include\10.0.19041.0\um\servprov.h(249,38): message : compiler replacing '*' with '^' to continue parsing
C:\Program Files (x86)\Windows Kits\10\Include\10.0.19041.0\um\urlmon.h(6870,70): error C3699: '*': cannot use this indirection on type 'IServiceProvider'
C:\Program Files (x86)\Windows Kits\10\Include\10.0.19041.0\um\urlmon.h(6870,70): message : compiler replacing '*' with '^' to continue parsing
C:\Program Files (x86)\Windows Kits\10\Include\10.0.19041.0\um\urlmon.h(6872,66): error C3699: '*': cannot use this indirection on type 'IServiceProvider'
C:\Program Files (x86)\Windows Kits\10\Include\10.0.19041.0\um\urlmon.h(6872,66): message : compiler replacing '*' with '^' to continue parsing
E:\programowanie\cpp szkola\CppPUTS1\projekt\Notatnik2\LoginForm.h(186,26): warning C4677: 'con1': signature of non-private member contains assembly private type 'Connection'
E:\programowanie\cpp szkola\CppPUTS1\projekt\Notatnik2\Connection.h(11): message : see declaration of 'Connection'
E:\programowanie\cpp szkola\CppPUTS1\projekt\Notatnik2\MainForm.h(19,11): warning C4677: 'MainForm': signature of non-private member contains assembly private type 'Connection'
E:\programowanie\cpp szkola\CppPUTS1\projekt\Notatnik2\Connection.h(11): message : see declaration of 'Connection'
E:\programowanie\cpp szkola\CppPUTS1\projekt\Notatnik2\Program.cpp(7,1): warning C4829: Possibly incorrect parameters to function main. Consider 'int main(Platform::Array<Platform::String^>^ argv)'
E:\programowanie\cpp szkola\CppPUTS1\projekt\Notatnik2\Program.cpp(8,15): warning C4551: function call missing argument list
  Generating Code...
